<?xml version="1.0" encoding="UTF-8"?>
<testng-results skipped="0" failed="0" total="1" passed="1">
  <reporter-output>
  </reporter-output>
  <suite name="Default suite" duration-ms="8479" started-at="2019-10-16T04:23:17Z" finished-at="2019-10-16T04:23:25Z">
    <groups>
    </groups>
    <test name="Default test" duration-ms="8479" started-at="2019-10-16T04:23:17Z" finished-at="2019-10-16T04:23:25Z">
      <class name="com.rameshsoft.automation.base.PopUpTest">
        <test-method status="PASS" signature="openBrowser(java.lang.String)[pri:0, instance:com.rameshsoft.automation.base.PopUpTest@6f7fd0e6]" name="openBrowser" is-config="true" duration-ms="4799" started-at="2019-10-16T09:53:12Z" finished-at="2019-10-16T09:53:17Z">
          <params>
            <param index="0">
              <value>
                <![CDATA[chrome]]>
              </value>
            </param>
          </params>
          <reporter-output>
          </reporter-output>
        </test-method> <!-- openBrowser -->
        <test-method status="PASS" signature="initialiseTCReport()[pri:0, instance:com.rameshsoft.automation.base.PopUpTest@6f7fd0e6]" name="initialiseTCReport" is-config="true" duration-ms="172" started-at="2019-10-16T09:53:17Z" finished-at="2019-10-16T09:53:17Z">
          <reporter-output>
          </reporter-output>
        </test-method> <!-- initialiseTCReport -->
        <test-method status="PASS" signature="beforeTCExecution(java.lang.reflect.Method)[pri:0, instance:com.rameshsoft.automation.base.PopUpTest@6f7fd0e6]" name="beforeTCExecution" is-config="true" duration-ms="15" started-at="2019-10-16T09:53:17Z" finished-at="2019-10-16T09:53:17Z">
          <params>
            <param index="0">
              <value>
                <![CDATA[public void com.rameshsoft.automation.base.PopUpTest.main() throws java.lang.InterruptedException]]>
              </value>
            </param>
          </params>
          <reporter-output>
          </reporter-output>
        </test-method> <!-- beforeTCExecution -->
        <test-method status="PASS" signature="main()[pri:0, instance:com.rameshsoft.automation.base.PopUpTest@6f7fd0e6]" name="main" duration-ms="8277" started-at="2019-10-16T09:53:17Z" finished-at="2019-10-16T09:53:25Z">
          <reporter-output>
          </reporter-output>
        </test-method> <!-- main -->
        <test-method status="PASS" signature="afterTCExecution(org.testng.ITestResult)[pri:0, instance:com.rameshsoft.automation.base.PopUpTest@6f7fd0e6]" name="afterTCExecution" is-config="true" duration-ms="15" started-at="2019-10-16T09:53:25Z" finished-at="2019-10-16T09:53:25Z">
          <params>
            <param index="0">
              <value>
                <![CDATA[[TestResult name=main status=SUCCESS method=PopUpTest.main()[pri:0, instance:com.rameshsoft.automation.base.PopUpTest@6f7fd0e6] output={null}]]]>
              </value>
            </param>
          </params>
          <reporter-output>
          </reporter-output>
        </test-method> <!-- afterTCExecution -->
        <test-method status="PASS" signature="generateTCReport()[pri:0, instance:com.rameshsoft.automation.base.PopUpTest@6f7fd0e6]" name="generateTCReport" is-config="true" duration-ms="0" started-at="2019-10-16T09:53:25Z" finished-at="2019-10-16T09:53:25Z">
          <reporter-output>
          </reporter-output>
        </test-method> <!-- generateTCReport -->
        <test-method status="PASS" signature="closeBrowser()[pri:0, instance:com.rameshsoft.automation.base.PopUpTest@6f7fd0e6]" name="closeBrowser" is-config="true" duration-ms="696" started-at="2019-10-16T09:53:25Z" finished-at="2019-10-16T09:53:26Z">
          <reporter-output>
          </reporter-output>
        </test-method> <!-- closeBrowser -->
      </class> <!-- com.rameshsoft.automation.base.PopUpTest -->
    </test> <!-- Default test -->
  </suite> <!-- Default suite -->
</testng-results>
